# JRE version: Java(TM) SE Runtime Environment (8.0_31-b13) (build 1.8.0_31-b13)
# Java VM: Java HotSpot(TM) 64-Bit Server VM (25.31-b07 mixed mode windows-amd64 compressed oops)
Heap:
 PSYoungGen      total 184320K, used 80827K [0x00000000eab00000, 0x00000000f8580000, 0x0000000100000000)
  eden space 153600K, 52% used [0x00000000eab00000,0x00000000ef9eef48,0x00000000f4100000)
  from space 30720K, 0% used [0x00000000f4100000,0x00000000f4100000,0x00000000f5f00000)
  to   space 31744K, 0% used [0x00000000f6680000,0x00000000f6680000,0x00000000f8580000)
 ParOldGen       total 156160K, used 81871K [0x00000000c0000000, 0x00000000c9880000, 0x00000000eab00000)
  object space 156160K, 52% used [0x00000000c0000000,0x00000000c4ff3d18,0x00000000c9880000)
 Metaspace       used 68719K, capacity 72870K, committed 73216K, reserved 1112064K
  class space    used 9454K, capacity 10923K, committed 11008K, reserved 1048576K
GC Heap History (10 events):
Event: 6992.597 GC heap before
{Heap before GC invocations=24 (full 5):
 PSYoungGen      total 182272K, used 21615K [0x00000000eab00000, 0x00000000f7e00000, 0x0000000100000000)
  eden space 152064K, 0% used [0x00000000eab00000,0x00000000eab00000,0x00000000f3f80000)
  from space 30208K, 71% used [0x00000000f3f80000,0x00000000f549be58,0x00000000f5d00000)
  to   space 31744K, 0% used [0x00000000f5f00000,0x00000000f5f00000,0x00000000f7e00000)
 ParOldGen       total 81920K, used 42227K [0x00000000c0000000, 0x00000000c5000000, 0x00000000eab00000)
  object space 81920K, 51% used [0x00000000c0000000,0x00000000c293ce00,0x00000000c5000000)
 Metaspace       used 54781K, capacity 57384K, committed 57600K, reserved 1097728K
  class space    used 7414K, capacity 8317K, committed 8448K, reserved 1048576K
Event: 6993.195 GC heap after
Heap after GC invocations=24 (full 5):
 PSYoungGen      total 182272K, used 0K [0x00000000eab00000, 0x00000000f7e00000, 0x0000000100000000)
  eden space 152064K, 0% used [0x00000000eab00000,0x00000000eab00000,0x00000000f3f80000)
  from space 30208K, 0% used [0x00000000f3f80000,0x00000000f3f80000,0x00000000f5d00000)
  to   space 31744K, 0% used [0x00000000f5f00000,0x00000000f5f00000,0x00000000f7e00000)
 ParOldGen       total 81920K, used 57207K [0x00000000c0000000, 0x00000000c5000000, 0x00000000eab00000)
  object space 81920K, 69% used [0x00000000c0000000,0x00000000c37ddfd8,0x00000000c5000000)
 Metaspace       used 54748K, capacity 57270K, committed 57600K, reserved 1097728K
  class space    used 7406K, capacity 8283K, committed 8448K, reserved 1048576K
}
Event: 7118.241 GC heap before
{Heap before GC invocations=25 (full 5):
 PSYoungGen      total 182272K, used 152064K [0x00000000eab00000, 0x00000000f7e00000, 0x0000000100000000)
  eden space 152064K, 100% used [0x00000000eab00000,0x00000000f3f80000,0x00000000f3f80000)
  from space 30208K, 0% used [0x00000000f3f80000,0x00000000f3f80000,0x00000000f5d00000)
  to   space 31744K, 0% used [0x00000000f5f00000,0x00000000f5f00000,0x00000000f7e00000)
 ParOldGen       total 81920K, used 57207K [0x00000000c0000000, 0x00000000c5000000, 0x00000000eab00000)
  object space 81920K, 69% used [0x00000000c0000000,0x00000000c37ddfd8,0x00000000c5000000)
 Metaspace       used 58872K, capacity 61946K, committed 62080K, reserved 1101824K
  class space    used 7958K, capacity 9084K, committed 9088K, reserved 1048576K
Event: 7118.273 GC heap after
Heap after GC invocations=25 (full 5):
 PSYoungGen      total 185344K, used 15572K [0x00000000eab00000, 0x00000000f8380000, 0x0000000100000000)
  eden space 153600K, 0% used [0x00000000eab00000,0x00000000eab00000,0x00000000f4100000)
  from space 31744K, 49% used [0x00000000f5f00000,0x00000000f6e350f0,0x00000000f7e00000)
  to   space 30720K, 0% used [0x00000000f4100000,0x00000000f4100000,0x00000000f5f00000)
 ParOldGen       total 81920K, used 57215K [0x00000000c0000000, 0x00000000c5000000, 0x00000000eab00000)
  object space 81920K, 69% used [0x00000000c0000000,0x00000000c37dffd8,0x00000000c5000000)
 Metaspace       used 58872K, capacity 61946K, committed 62080K, reserved 1101824K
  class space    used 7958K, capacity 9084K, committed 9088K, reserved 1048576K
}
Event: 7124.562 GC heap before
{Heap before GC invocations=26 (full 5):
 PSYoungGen      total 185344K, used 143046K [0x00000000eab00000, 0x00000000f8380000, 0x0000000100000000)
  eden space 153600K, 82% used [0x00000000eab00000,0x00000000f277c9f8,0x00000000f4100000)
  from space 31744K, 49% used [0x00000000f5f00000,0x00000000f6e350f0,0x00000000f7e00000)
  to   space 30720K, 0% used [0x00000000f4100000,0x00000000f4100000,0x00000000f5f00000)
 ParOldGen       total 81920K, used 57215K [0x00000000c0000000, 0x00000000c5000000, 0x00000000eab00000)
  object space 81920K, 69% used [0x00000000c0000000,0x00000000c37dffd8,0x00000000c5000000)
 Metaspace       used 62276K, capacity 65543K, committed 65792K, reserved 1105920K
  class space    used 8505K, capacity 9695K, committed 9728K, reserved 1048576K
Event: 7124.589 GC heap after
Heap after GC invocations=26 (full 5):
 PSYoungGen      total 184320K, used 21601K [0x00000000eab00000, 0x00000000f8580000, 0x0000000100000000)
  eden space 153600K, 0% used [0x00000000eab00000,0x00000000eab00000,0x00000000f4100000)
  from space 30720K, 70% used [0x00000000f4100000,0x00000000f56184a8,0x00000000f5f00000)
  to   space 31744K, 0% used [0x00000000f6680000,0x00000000f6680000,0x00000000f8580000)
 ParOldGen       total 81920K, used 57223K [0x00000000c0000000, 0x00000000c5000000, 0x00000000eab00000)
  object space 81920K, 69% used [0x00000000c0000000,0x00000000c37e1fd8,0x00000000c5000000)
 Metaspace       used 62276K, capacity 65543K, committed 65792K, reserved 1105920K
  class space    used 8505K, capacity 9695K, committed 9728K, reserved 1048576K
}
Event: 7124.589 GC heap before
{Heap before GC invocations=27 (full 6):
 PSYoungGen      total 184320K, used 21601K [0x00000000eab00000, 0x00000000f8580000, 0x0000000100000000)
  eden space 153600K, 0% used [0x00000000eab00000,0x00000000eab00000,0x00000000f4100000)
  from space 30720K, 70% used [0x00000000f4100000,0x00000000f56184a8,0x00000000f5f00000)
  to   space 31744K, 0% used [0x00000000f6680000,0x00000000f6680000,0x00000000f8580000)
 ParOldGen       total 81920K, used 57223K [0x00000000c0000000, 0x00000000c5000000, 0x00000000eab00000)
  object space 81920K, 69% used [0x00000000c0000000,0x00000000c37e1fd8,0x00000000c5000000)
 Metaspace       used 62276K, capacity 65543K, committed 65792K, reserved 1105920K
  class space    used 8505K, capacity 9695K, committed 9728K, reserved 1048576K
Event: 7125.261 GC heap after
Heap after GC invocations=27 (full 6):
 PSYoungGen      total 184320K, used 0K [0x00000000eab00000, 0x00000000f8580000, 0x0000000100000000)
  eden space 153600K, 0% used [0x00000000eab00000,0x00000000eab00000,0x00000000f4100000)
  from space 30720K, 0% used [0x00000000f4100000,0x00000000f4100000,0x00000000f5f00000)
  to   space 31744K, 0% used [0x00000000f6680000,0x00000000f6680000,0x00000000f8580000)
 ParOldGen       total 81920K, used 77048K [0x00000000c0000000, 0x00000000c5000000, 0x00000000eab00000)
  object space 81920K, 94% used [0x00000000c0000000,0x00000000c4b3e3a0,0x00000000c5000000)
 Metaspace       used 62243K, capacity 65429K, committed 65792K, reserved 1105920K
  class space    used 8497K, capacity 9661K, committed 9728K, reserved 1048576K
}
Event: 7908.535 GC heap before
{Heap before GC invocations=28 (full 7):
 PSYoungGen      total 184320K, used 153600K [0x00000000eab00000, 0x00000000f8580000, 0x0000000100000000)
  eden space 153600K, 100% used [0x00000000eab00000,0x00000000f4100000,0x00000000f4100000)
  from space 30720K, 0% used [0x00000000f4100000,0x00000000f4100000,0x00000000f5f00000)
  to   space 31744K, 0% used [0x00000000f6680000,0x00000000f6680000,0x00000000f8580000)
 ParOldGen       total 81920K, used 77048K [0x00000000c0000000, 0x00000000c5000000, 0x00000000eab00000)
  object space 81920K, 94% used [0x00000000c0000000,0x00000000c4b3e3a0,0x00000000c5000000)
 Metaspace       used 66476K, capacity 70359K, committed 70528K, reserved 1110016K
  class space    used 9067K, capacity 10500K, committed 10624K, reserved 1048576K
Event: 7909.180 GC heap after
Heap after GC invocations=28 (full 7):
 PSYoungGen      total 184320K, used 8162K [0x00000000eab00000, 0x00000000f8580000, 0x0000000100000000)
  eden space 153600K, 5% used [0x00000000eab00000,0x00000000eb2f8888,0x00000000f4100000)
  from space 30720K, 0% used [0x00000000f4100000,0x00000000f4100000,0x00000000f5f00000)
  to   space 31744K, 0% used [0x00000000f6680000,0x00000000f6680000,0x00000000f8580000)
 ParOldGen       total 156160K, used 81871K [0x00000000c0000000, 0x00000000c9880000, 0x00000000eab00000)
  object space 156160K, 52% used [0x00000000c0000000,0x00000000c4ff3d18,0x00000000c9880000)
 Metaspace       used 66476K, capacity 70359K, committed 70528K, reserved 1110016K
  class space    used 9067K, capacity 10500K, committed 10624K, reserved 1048576K
}

