# JRE version: Java(TM) SE Runtime Environment (8.0_31-b13) (build 1.8.0_31-b13)
# Java VM: Java HotSpot(TM) 64-Bit Server VM (25.31-b07 mixed mode windows-amd64 compressed oops)
Heap:
 PSYoungGen      total 110592K, used 23366K [0x00000000eab00000, 0x00000000f4980000, 0x0000000100000000)
  eden space 99840K, 23% used [0x00000000eab00000,0x00000000ec1d1b60,0x00000000f0c80000)
  from space 10752K, 0% used [0x00000000f0c80000,0x00000000f0c80000,0x00000000f1700000)
  to   space 10752K, 0% used [0x00000000f3f00000,0x00000000f3f00000,0x00000000f4980000)
 ParOldGen       total 66048K, used 26069K [0x00000000c0000000, 0x00000000c4080000, 0x00000000eab00000)
  object space 66048K, 39% used [0x00000000c0000000,0x00000000c19754c8,0x00000000c4080000)
 Metaspace       used 34746K, capacity 36100K, committed 36224K, reserved 1081344K
  class space    used 4689K, capacity 5185K, committed 5248K, reserved 1048576K
GC Heap History (10 events):
Event: 9.818 GC heap before
{Heap before GC invocations=11 (full 1):
 PSYoungGen      total 66048K, used 60096K [0x00000000eab00000, 0x00000000f0200000, 0x0000000100000000)
  eden space 59392K, 100% used [0x00000000eab00000,0x00000000ee500000,0x00000000ee500000)
  from space 6656K, 10% used [0x00000000ee500000,0x00000000ee5b0020,0x00000000eeb80000)
  to   space 7168K, 0% used [0x00000000efb00000,0x00000000efb00000,0x00000000f0200000)
 ParOldGen       total 32768K, used 7892K [0x00000000c0000000, 0x00000000c2000000, 0x00000000eab00000)
  object space 32768K, 24% used [0x00000000c0000000,0x00000000c07b50f8,0x00000000c2000000)
 Metaspace       used 23628K, capacity 24128K, committed 24320K, reserved 1071104K
  class space    used 3081K, capacity 3260K, committed 3328K, reserved 1048576K
Event: 9.840 GC heap after
Heap after GC invocations=11 (full 1):
 PSYoungGen      total 81920K, used 4304K [0x00000000eab00000, 0x00000000f0980000, 0x0000000100000000)
  eden space 74752K, 0% used [0x00000000eab00000,0x00000000eab00000,0x00000000ef400000)
  from space 7168K, 60% used [0x00000000efb00000,0x00000000eff343c8,0x00000000f0200000)
  to   space 7168K, 0% used [0x00000000ef400000,0x00000000ef400000,0x00000000efb00000)
 ParOldGen       total 32768K, used 8308K [0x00000000c0000000, 0x00000000c2000000, 0x00000000eab00000)
  object space 32768K, 25% used [0x00000000c0000000,0x00000000c081d118,0x00000000c2000000)
 Metaspace       used 23628K, capacity 24128K, committed 24320K, reserved 1071104K
  class space    used 3081K, capacity 3260K, committed 3328K, reserved 1048576K
}
Event: 11.705 GC heap before
{Heap before GC invocations=12 (full 1):
 PSYoungGen      total 81920K, used 79056K [0x00000000eab00000, 0x00000000f0980000, 0x0000000100000000)
  eden space 74752K, 100% used [0x00000000eab00000,0x00000000ef400000,0x00000000ef400000)
  from space 7168K, 60% used [0x00000000efb00000,0x00000000eff343c8,0x00000000f0200000)
  to   space 7168K, 0% used [0x00000000ef400000,0x00000000ef400000,0x00000000efb00000)
 ParOldGen       total 32768K, used 8308K [0x00000000c0000000, 0x00000000c2000000, 0x00000000eab00000)
  object space 32768K, 25% used [0x00000000c0000000,0x00000000c081d118,0x00000000c2000000)
 Metaspace       used 27906K, capacity 28586K, committed 28800K, reserved 1075200K
  class space    used 3630K, capacity 3858K, committed 3968K, reserved 1048576K
Event: 11.726 GC heap after
Heap after GC invocations=12 (full 1):
 PSYoungGen      total 81920K, used 6407K [0x00000000eab00000, 0x00000000f1e80000, 0x0000000100000000)
  eden space 74752K, 0% used [0x00000000eab00000,0x00000000eab00000,0x00000000ef400000)
  from space 7168K, 89% used [0x00000000ef400000,0x00000000efa41c88,0x00000000efb00000)
  to   space 7680K, 0% used [0x00000000f1700000,0x00000000f1700000,0x00000000f1e80000)
 ParOldGen       total 32768K, used 10757K [0x00000000c0000000, 0x00000000c2000000, 0x00000000eab00000)
  object space 32768K, 32% used [0x00000000c0000000,0x00000000c0a81700,0x00000000c2000000)
 Metaspace       used 27906K, capacity 28586K, committed 28800K, reserved 1075200K
  class space    used 3630K, capacity 3858K, committed 3968K, reserved 1048576K
}
Event: 14.052 GC heap before
{Heap before GC invocations=13 (full 1):
 PSYoungGen      total 81920K, used 81159K [0x00000000eab00000, 0x00000000f1e80000, 0x0000000100000000)
  eden space 74752K, 100% used [0x00000000eab00000,0x00000000ef400000,0x00000000ef400000)
  from space 7168K, 89% used [0x00000000ef400000,0x00000000efa41c88,0x00000000efb00000)
  to   space 7680K, 0% used [0x00000000f1700000,0x00000000f1700000,0x00000000f1e80000)
 ParOldGen       total 32768K, used 10757K [0x00000000c0000000, 0x00000000c2000000, 0x00000000eab00000)
  object space 32768K, 32% used [0x00000000c0000000,0x00000000c0a81700,0x00000000c2000000)
 Metaspace       used 32048K, capacity 32924K, committed 33024K, reserved 1077248K
  class space    used 4211K, capacity 4538K, committed 4608K, reserved 1048576K
Event: 14.091 GC heap after
Heap after GC invocations=13 (full 1):
 PSYoungGen      total 107520K, used 7648K [0x00000000eab00000, 0x00000000f2500000, 0x0000000100000000)
  eden space 99840K, 0% used [0x00000000eab00000,0x00000000eab00000,0x00000000f0c80000)
  from space 7680K, 99% used [0x00000000f1700000,0x00000000f1e78010,0x00000000f1e80000)
  to   space 10752K, 0% used [0x00000000f0c80000,0x00000000f0c80000,0x00000000f1700000)
 ParOldGen       total 32768K, used 16700K [0x00000000c0000000, 0x00000000c2000000, 0x00000000eab00000)
  object space 32768K, 50% used [0x00000000c0000000,0x00000000c104f3d0,0x00000000c2000000)
 Metaspace       used 32048K, capacity 32924K, committed 33024K, reserved 1077248K
  class space    used 4211K, capacity 4538K, committed 4608K, reserved 1048576K
}
Event: 15.602 GC heap before
{Heap before GC invocations=14 (full 1):
 PSYoungGen      total 107520K, used 62495K [0x00000000eab00000, 0x00000000f2500000, 0x0000000100000000)
  eden space 99840K, 54% used [0x00000000eab00000,0x00000000ee08fe30,0x00000000f0c80000)
  from space 7680K, 99% used [0x00000000f1700000,0x00000000f1e78010,0x00000000f1e80000)
  to   space 10752K, 0% used [0x00000000f0c80000,0x00000000f0c80000,0x00000000f1700000)
 ParOldGen       total 32768K, used 16700K [0x00000000c0000000, 0x00000000c2000000, 0x00000000eab00000)
  object space 32768K, 50% used [0x00000000c0000000,0x00000000c104f3d0,0x00000000c2000000)
 Metaspace       used 34170K, capacity 35428K, committed 35496K, reserved 1079296K
  class space    used 4599K, capacity 5102K, committed 5120K, reserved 1048576K
Event: 15.646 GC heap after
Heap after GC invocations=14 (full 1):
 PSYoungGen      total 110592K, used 6545K [0x00000000eab00000, 0x00000000f4980000, 0x0000000100000000)
  eden space 99840K, 0% used [0x00000000eab00000,0x00000000eab00000,0x00000000f0c80000)
  from space 10752K, 60% used [0x00000000f0c80000,0x00000000f12e4598,0x00000000f1700000)
  to   space 10752K, 0% used [0x00000000f3f00000,0x00000000f3f00000,0x00000000f4980000)
 ParOldGen       total 32768K, used 24310K [0x00000000c0000000, 0x00000000c2000000, 0x00000000eab00000)
  object space 32768K, 74% used [0x00000000c0000000,0x00000000c17bd858,0x00000000c2000000)
 Metaspace       used 34170K, capacity 35428K, committed 35496K, reserved 1079296K
  class space    used 4599K, capacity 5102K, committed 5120K, reserved 1048576K
}
Event: 15.647 GC heap before
{Heap before GC invocations=15 (full 2):
 PSYoungGen      total 110592K, used 6545K [0x00000000eab00000, 0x00000000f4980000, 0x0000000100000000)
  eden space 99840K, 0% used [0x00000000eab00000,0x00000000eab00000,0x00000000f0c80000)
  from space 10752K, 60% used [0x00000000f0c80000,0x00000000f12e4598,0x00000000f1700000)
  to   space 10752K, 0% used [0x00000000f3f00000,0x00000000f3f00000,0x00000000f4980000)
 ParOldGen       total 32768K, used 24310K [0x00000000c0000000, 0x00000000c2000000, 0x00000000eab00000)
  object space 32768K, 74% used [0x00000000c0000000,0x00000000c17bd858,0x00000000c2000000)
 Metaspace       used 34170K, capacity 35428K, committed 35496K, reserved 1079296K
  class space    used 4599K, capacity 5102K, committed 5120K, reserved 1048576K
Event: 15.878 GC heap after
Heap after GC invocations=15 (full 2):
 PSYoungGen      total 110592K, used 0K [0x00000000eab00000, 0x00000000f4980000, 0x0000000100000000)
  eden space 99840K, 0% used [0x00000000eab00000,0x00000000eab00000,0x00000000f0c80000)
  from space 10752K, 0% used [0x00000000f0c80000,0x00000000f0c80000,0x00000000f1700000)
  to   space 10752K, 0% used [0x00000000f3f00000,0x00000000f3f00000,0x00000000f4980000)
 ParOldGen       total 66048K, used 26069K [0x00000000c0000000, 0x00000000c4080000, 0x00000000eab00000)
  object space 66048K, 39% used [0x00000000c0000000,0x00000000c19754c8,0x00000000c4080000)
 Metaspace       used 34170K, capacity 35428K, committed 35496K, reserved 1079296K
  class space    used 4599K, capacity 5102K, committed 5120K, reserved 1048576K
}

