# JRE version: Java(TM) SE Runtime Environment (8.0_31-b13) (build 1.8.0_31-b13)
# Java VM: Java HotSpot(TM) 64-Bit Server VM (25.31-b07 mixed mode windows-amd64 compressed oops)
Heap:
 PSYoungGen      total 126464K, used 43781K [0x00000000eab00000, 0x00000000f3a80000, 0x0000000100000000)
  eden space 109056K, 40% used [0x00000000eab00000,0x00000000ed5c1638,0x00000000f1580000)
  from space 17408K, 0% used [0x00000000f2780000,0x00000000f2780000,0x00000000f3880000)
  to   space 18432K, 0% used [0x00000000f1580000,0x00000000f1580000,0x00000000f2780000)
 ParOldGen       total 74240K, used 36244K [0x00000000c0000000, 0x00000000c4880000, 0x00000000eab00000)
  object space 74240K, 48% used [0x00000000c0000000,0x00000000c23651a8,0x00000000c4880000)
 Metaspace       used 39565K, capacity 41223K, committed 41472K, reserved 1085440K
  class space    used 5441K, capacity 6079K, committed 6144K, reserved 1048576K
GC Heap History (10 events):
Event: 12.110 GC heap before
{Heap before GC invocations=15 (full 1):
 PSYoungGen      total 81408K, used 42746K [0x00000000eab00000, 0x00000000f2080000, 0x0000000100000000)
  eden space 70656K, 45% used [0x00000000eab00000,0x00000000eca3e928,0x00000000ef000000)
  from space 10752K, 100% used [0x00000000ef000000,0x00000000efa80000,0x00000000efa80000)
  to   space 14848K, 0% used [0x00000000f1200000,0x00000000f1200000,0x00000000f2080000)
 ParOldGen       total 38400K, used 21086K [0x00000000c0000000, 0x00000000c2580000, 0x00000000eab00000)
  object space 38400K, 54% used [0x00000000c0000000,0x00000000c1497830,0x00000000c2580000)
 Metaspace       used 34292K, capacity 35484K, committed 35496K, reserved 1079296K
  class space    used 4616K, capacity 5116K, committed 5120K, reserved 1048576K
Event: 12.148 GC heap after
Heap after GC invocations=15 (full 1):
 PSYoungGen      total 103424K, used 13920K [0x00000000eab00000, 0x00000000f2780000, 0x0000000100000000)
  eden space 88576K, 0% used [0x00000000eab00000,0x00000000eab00000,0x00000000f0180000)
  from space 14848K, 93% used [0x00000000f1200000,0x00000000f1f98350,0x00000000f2080000)
  to   space 16896K, 0% used [0x00000000f0180000,0x00000000f0180000,0x00000000f1200000)
 ParOldGen       total 38400K, used 21742K [0x00000000c0000000, 0x00000000c2580000, 0x00000000eab00000)
  object space 38400K, 56% used [0x00000000c0000000,0x00000000c153b850,0x00000000c2580000)
 Metaspace       used 34292K, capacity 35484K, committed 35496K, reserved 1079296K
  class space    used 4616K, capacity 5116K, committed 5120K, reserved 1048576K
}
Event: 12.148 GC heap before
{Heap before GC invocations=16 (full 2):
 PSYoungGen      total 103424K, used 13920K [0x00000000eab00000, 0x00000000f2780000, 0x0000000100000000)
  eden space 88576K, 0% used [0x00000000eab00000,0x00000000eab00000,0x00000000f0180000)
  from space 14848K, 93% used [0x00000000f1200000,0x00000000f1f98350,0x00000000f2080000)
  to   space 16896K, 0% used [0x00000000f0180000,0x00000000f0180000,0x00000000f1200000)
 ParOldGen       total 38400K, used 21742K [0x00000000c0000000, 0x00000000c2580000, 0x00000000eab00000)
  object space 38400K, 56% used [0x00000000c0000000,0x00000000c153b850,0x00000000c2580000)
 Metaspace       used 34292K, capacity 35484K, committed 35496K, reserved 1079296K
  class space    used 4616K, capacity 5116K, committed 5120K, reserved 1048576K
Event: 12.445 GC heap after
Heap after GC invocations=16 (full 2):
 PSYoungGen      total 103424K, used 0K [0x00000000eab00000, 0x00000000f2780000, 0x0000000100000000)
  eden space 88576K, 0% used [0x00000000eab00000,0x00000000eab00000,0x00000000f0180000)
  from space 14848K, 0% used [0x00000000f1200000,0x00000000f1200000,0x00000000f2080000)
  to   space 16896K, 0% used [0x00000000f0180000,0x00000000f0180000,0x00000000f1200000)
 ParOldGen       total 74240K, used 27690K [0x00000000c0000000, 0x00000000c4880000, 0x00000000eab00000)
  object space 74240K, 37% used [0x00000000c0000000,0x00000000c1b0ab20,0x00000000c4880000)
 Metaspace       used 34292K, capacity 35484K, committed 35496K, reserved 1079296K
  class space    used 4616K, capacity 5116K, committed 5120K, reserved 1048576K
}
Event: 14.149 GC heap before
{Heap before GC invocations=17 (full 2):
 PSYoungGen      total 103424K, used 88576K [0x00000000eab00000, 0x00000000f2780000, 0x0000000100000000)
  eden space 88576K, 100% used [0x00000000eab00000,0x00000000f0180000,0x00000000f0180000)
  from space 14848K, 0% used [0x00000000f1200000,0x00000000f1200000,0x00000000f2080000)
  to   space 16896K, 0% used [0x00000000f0180000,0x00000000f0180000,0x00000000f1200000)
 ParOldGen       total 74240K, used 27690K [0x00000000c0000000, 0x00000000c4880000, 0x00000000eab00000)
  object space 74240K, 37% used [0x00000000c0000000,0x00000000c1b0ab20,0x00000000c4880000)
 Metaspace       used 36875K, capacity 38241K, committed 38400K, reserved 1081344K
  class space    used 5051K, capacity 5631K, committed 5632K, reserved 1048576K
Event: 14.181 GC heap after
Heap after GC invocations=17 (full 2):
 PSYoungGen      total 105472K, used 10529K [0x00000000eab00000, 0x00000000f3880000, 0x0000000100000000)
  eden space 88576K, 0% used [0x00000000eab00000,0x00000000eab00000,0x00000000f0180000)
  from space 16896K, 62% used [0x00000000f0180000,0x00000000f0bc8768,0x00000000f1200000)
  to   space 17408K, 0% used [0x00000000f2780000,0x00000000f2780000,0x00000000f3880000)
 ParOldGen       total 74240K, used 27698K [0x00000000c0000000, 0x00000000c4880000, 0x00000000eab00000)
  object space 74240K, 37% used [0x00000000c0000000,0x00000000c1b0cb20,0x00000000c4880000)
 Metaspace       used 36875K, capacity 38241K, committed 38400K, reserved 1081344K
  class space    used 5051K, capacity 5631K, committed 5632K, reserved 1048576K
}
Event: 16.175 GC heap before
{Heap before GC invocations=18 (full 2):
 PSYoungGen      total 105472K, used 58325K [0x00000000eab00000, 0x00000000f3880000, 0x0000000100000000)
  eden space 88576K, 53% used [0x00000000eab00000,0x00000000ed9acff8,0x00000000f0180000)
  from space 16896K, 62% used [0x00000000f0180000,0x00000000f0bc8768,0x00000000f1200000)
  to   space 17408K, 0% used [0x00000000f2780000,0x00000000f2780000,0x00000000f3880000)
 ParOldGen       total 74240K, used 27698K [0x00000000c0000000, 0x00000000c4880000, 0x00000000eab00000)
  object space 74240K, 37% used [0x00000000c0000000,0x00000000c1b0cb20,0x00000000c4880000)
 Metaspace       used 39320K, capacity 40921K, committed 41216K, reserved 1085440K
  class space    used 5429K, capacity 6035K, committed 6144K, reserved 1048576K
Event: 16.211 GC heap after
Heap after GC invocations=18 (full 2):
 PSYoungGen      total 126464K, used 12916K [0x00000000eab00000, 0x00000000f3a80000, 0x0000000100000000)
  eden space 109056K, 0% used [0x00000000eab00000,0x00000000eab00000,0x00000000f1580000)
  from space 17408K, 74% used [0x00000000f2780000,0x00000000f341d030,0x00000000f3880000)
  to   space 18432K, 0% used [0x00000000f1580000,0x00000000f1580000,0x00000000f2780000)
 ParOldGen       total 74240K, used 27706K [0x00000000c0000000, 0x00000000c4880000, 0x00000000eab00000)
  object space 74240K, 37% used [0x00000000c0000000,0x00000000c1b0eb20,0x00000000c4880000)
 Metaspace       used 39320K, capacity 40921K, committed 41216K, reserved 1085440K
  class space    used 5429K, capacity 6035K, committed 6144K, reserved 1048576K
}
Event: 16.211 GC heap before
{Heap before GC invocations=19 (full 3):
 PSYoungGen      total 126464K, used 12916K [0x00000000eab00000, 0x00000000f3a80000, 0x0000000100000000)
  eden space 109056K, 0% used [0x00000000eab00000,0x00000000eab00000,0x00000000f1580000)
  from space 17408K, 74% used [0x00000000f2780000,0x00000000f341d030,0x00000000f3880000)
  to   space 18432K, 0% used [0x00000000f1580000,0x00000000f1580000,0x00000000f2780000)
 ParOldGen       total 74240K, used 27706K [0x00000000c0000000, 0x00000000c4880000, 0x00000000eab00000)
  object space 74240K, 37% used [0x00000000c0000000,0x00000000c1b0eb20,0x00000000c4880000)
 Metaspace       used 39320K, capacity 40921K, committed 41216K, reserved 1085440K
  class space    used 5429K, capacity 6035K, committed 6144K, reserved 1048576K
Event: 16.952 GC heap after
Heap after GC invocations=19 (full 3):
 PSYoungGen      total 126464K, used 0K [0x00000000eab00000, 0x00000000f3a80000, 0x0000000100000000)
  eden space 109056K, 0% used [0x00000000eab00000,0x00000000eab00000,0x00000000f1580000)
  from space 17408K, 0% used [0x00000000f2780000,0x00000000f2780000,0x00000000f3880000)
  to   space 18432K, 0% used [0x00000000f1580000,0x00000000f1580000,0x00000000f2780000)
 ParOldGen       total 74240K, used 36244K [0x00000000c0000000, 0x00000000c4880000, 0x00000000eab00000)
  object space 74240K, 48% used [0x00000000c0000000,0x00000000c23651a8,0x00000000c4880000)
 Metaspace       used 39287K, capacity 40807K, committed 41216K, reserved 1085440K
  class space    used 5421K, capacity 6001K, committed 6144K, reserved 1048576K
}

