# JRE version: Java(TM) SE Runtime Environment (8.0_31-b13) (build 1.8.0_31-b13)
# Java VM: Java HotSpot(TM) 64-Bit Server VM (25.31-b07 mixed mode windows-amd64 compressed oops)
Heap:
 PSYoungGen      total 127488K, used 34611K [0x00000000eab00000, 0x00000000f3e00000, 0x0000000100000000)
  eden space 112640K, 30% used [0x00000000eab00000,0x00000000eccccdc8,0x00000000f1900000)
  from space 14848K, 0% used [0x00000000f1900000,0x00000000f1900000,0x00000000f2780000)
  to   space 9728K, 0% used [0x00000000f2780000,0x00000000f2780000,0x00000000f3100000)
 ParOldGen       total 73216K, used 25985K [0x00000000c0000000, 0x00000000c4780000, 0x00000000eab00000)
  object space 73216K, 35% used [0x00000000c0000000,0x00000000c1960540,0x00000000c4780000)
 Metaspace       used 35163K, capacity 36426K, committed 36608K, reserved 1081344K
  class space    used 4757K, capacity 5269K, committed 5376K, reserved 1048576K
GC Heap History (10 events):
Event: 5.733 GC heap before
{Heap before GC invocations=9 (full 1):
 PSYoungGen      total 73216K, used 66240K [0x00000000eab00000, 0x00000000f1800000, 0x0000000100000000)
  eden space 65536K, 100% used [0x00000000eab00000,0x00000000eeb00000,0x00000000eeb00000)
  from space 7680K, 9% used [0x00000000eeb00000,0x00000000eebb0020,0x00000000ef280000)
  to   space 8192K, 0% used [0x00000000f1000000,0x00000000f1000000,0x00000000f1800000)
 ParOldGen       total 40448K, used 10336K [0x00000000c0000000, 0x00000000c2780000, 0x00000000eab00000)
  object space 40448K, 25% used [0x00000000c0000000,0x00000000c0a18340,0x00000000c2780000)
 Metaspace       used 22265K, capacity 22772K, committed 22912K, reserved 1069056K
  class space    used 2953K, capacity 3130K, committed 3200K, reserved 1048576K
Event: 5.738 GC heap after
Heap after GC invocations=9 (full 1):
 PSYoungGen      total 99328K, used 2882K [0x00000000eab00000, 0x00000000f1580000, 0x0000000100000000)
  eden space 93696K, 0% used [0x00000000eab00000,0x00000000eab00000,0x00000000f0680000)
  from space 5632K, 51% used [0x00000000f1000000,0x00000000f12d0948,0x00000000f1580000)
  to   space 7680K, 0% used [0x00000000f0680000,0x00000000f0680000,0x00000000f0e00000)
 ParOldGen       total 40448K, used 10344K [0x00000000c0000000, 0x00000000c2780000, 0x00000000eab00000)
  object space 40448K, 25% used [0x00000000c0000000,0x00000000c0a1a340,0x00000000c2780000)
 Metaspace       used 22265K, capacity 22772K, committed 22912K, reserved 1069056K
  class space    used 2953K, capacity 3130K, committed 3200K, reserved 1048576K
}
Event: 8.111 GC heap before
{Heap before GC invocations=10 (full 1):
 PSYoungGen      total 99328K, used 96578K [0x00000000eab00000, 0x00000000f1580000, 0x0000000100000000)
  eden space 93696K, 100% used [0x00000000eab00000,0x00000000f0680000,0x00000000f0680000)
  from space 5632K, 51% used [0x00000000f1000000,0x00000000f12d0948,0x00000000f1580000)
  to   space 7680K, 0% used [0x00000000f0680000,0x00000000f0680000,0x00000000f0e00000)
 ParOldGen       total 40448K, used 10344K [0x00000000c0000000, 0x00000000c2780000, 0x00000000eab00000)
  object space 40448K, 25% used [0x00000000c0000000,0x00000000c0a1a340,0x00000000c2780000)
 Metaspace       used 27948K, capacity 28604K, committed 28800K, reserved 1075200K
  class space    used 3631K, capacity 3861K, committed 3968K, reserved 1048576K
Event: 8.137 GC heap after
Heap after GC invocations=10 (full 1):
 PSYoungGen      total 101376K, used 7654K [0x00000000eab00000, 0x00000000f3100000, 0x0000000100000000)
  eden space 93696K, 0% used [0x00000000eab00000,0x00000000eab00000,0x00000000f0680000)
  from space 7680K, 99% used [0x00000000f0680000,0x00000000f0df9bf0,0x00000000f0e00000)
  to   space 9728K, 0% used [0x00000000f2780000,0x00000000f2780000,0x00000000f3100000)
 ParOldGen       total 40448K, used 12655K [0x00000000c0000000, 0x00000000c2780000, 0x00000000eab00000)
  object space 40448K, 31% used [0x00000000c0000000,0x00000000c0c5bef8,0x00000000c2780000)
 Metaspace       used 27948K, capacity 28604K, committed 28800K, reserved 1075200K
  class space    used 3631K, capacity 3861K, committed 3968K, reserved 1048576K
}
Event: 10.528 GC heap before
{Heap before GC invocations=11 (full 1):
 PSYoungGen      total 101376K, used 101350K [0x00000000eab00000, 0x00000000f3100000, 0x0000000100000000)
  eden space 93696K, 100% used [0x00000000eab00000,0x00000000f0680000,0x00000000f0680000)
  from space 7680K, 99% used [0x00000000f0680000,0x00000000f0df9bf0,0x00000000f0e00000)
  to   space 9728K, 0% used [0x00000000f2780000,0x00000000f2780000,0x00000000f3100000)
 ParOldGen       total 40448K, used 12655K [0x00000000c0000000, 0x00000000c2780000, 0x00000000eab00000)
  object space 40448K, 31% used [0x00000000c0000000,0x00000000c0c5bef8,0x00000000c2780000)
 Metaspace       used 32687K, capacity 33762K, committed 33920K, reserved 1079296K
  class space    used 4323K, capacity 4731K, committed 4736K, reserved 1048576K
Event: 10.586 GC heap after
Heap after GC invocations=11 (full 1):
 PSYoungGen      total 122368K, used 9696K [0x00000000eab00000, 0x00000000f3e00000, 0x0000000100000000)
  eden space 112640K, 0% used [0x00000000eab00000,0x00000000eab00000,0x00000000f1900000)
  from space 9728K, 99% used [0x00000000f2780000,0x00000000f30f8020,0x00000000f3100000)
  to   space 14848K, 0% used [0x00000000f1900000,0x00000000f1900000,0x00000000f2780000)
 ParOldGen       total 40448K, used 22415K [0x00000000c0000000, 0x00000000c2780000, 0x00000000eab00000)
  object space 40448K, 55% used [0x00000000c0000000,0x00000000c15e3fa0,0x00000000c2780000)
 Metaspace       used 32687K, capacity 33762K, committed 33920K, reserved 1079296K
  class space    used 4323K, capacity 4731K, committed 4736K, reserved 1048576K
}
Event: 11.509 GC heap before
{Heap before GC invocations=12 (full 1):
 PSYoungGen      total 122368K, used 44310K [0x00000000eab00000, 0x00000000f3e00000, 0x0000000100000000)
  eden space 112640K, 30% used [0x00000000eab00000,0x00000000ecccd9e8,0x00000000f1900000)
  from space 9728K, 99% used [0x00000000f2780000,0x00000000f30f8020,0x00000000f3100000)
  to   space 14848K, 0% used [0x00000000f1900000,0x00000000f1900000,0x00000000f2780000)
 ParOldGen       total 40448K, used 22415K [0x00000000c0000000, 0x00000000c2780000, 0x00000000eab00000)
  object space 40448K, 55% used [0x00000000c0000000,0x00000000c15e3fa0,0x00000000c2780000)
 Metaspace       used 34271K, capacity 35472K, committed 35496K, reserved 1079296K
  class space    used 4608K, capacity 5113K, committed 5120K, reserved 1048576K
Event: 11.555 GC heap after
Heap after GC invocations=12 (full 1):
 PSYoungGen      total 127488K, used 13388K [0x00000000eab00000, 0x00000000f3e00000, 0x0000000100000000)
  eden space 112640K, 0% used [0x00000000eab00000,0x00000000eab00000,0x00000000f1900000)
  from space 14848K, 90% used [0x00000000f1900000,0x00000000f26133b0,0x00000000f2780000)
  to   space 9728K, 0% used [0x00000000f2780000,0x00000000f2780000,0x00000000f3100000)
 ParOldGen       total 40448K, used 22423K [0x00000000c0000000, 0x00000000c2780000, 0x00000000eab00000)
  object space 40448K, 55% used [0x00000000c0000000,0x00000000c15e5fa0,0x00000000c2780000)
 Metaspace       used 34271K, capacity 35472K, committed 35496K, reserved 1079296K
  class space    used 4608K, capacity 5113K, committed 5120K, reserved 1048576K
}
Event: 11.555 GC heap before
{Heap before GC invocations=13 (full 2):
 PSYoungGen      total 127488K, used 13388K [0x00000000eab00000, 0x00000000f3e00000, 0x0000000100000000)
  eden space 112640K, 0% used [0x00000000eab00000,0x00000000eab00000,0x00000000f1900000)
  from space 14848K, 90% used [0x00000000f1900000,0x00000000f26133b0,0x00000000f2780000)
  to   space 9728K, 0% used [0x00000000f2780000,0x00000000f2780000,0x00000000f3100000)
 ParOldGen       total 40448K, used 22423K [0x00000000c0000000, 0x00000000c2780000, 0x00000000eab00000)
  object space 40448K, 55% used [0x00000000c0000000,0x00000000c15e5fa0,0x00000000c2780000)
 Metaspace       used 34271K, capacity 35472K, committed 35496K, reserved 1079296K
  class space    used 4608K, capacity 5113K, committed 5120K, reserved 1048576K
Event: 11.910 GC heap after
Heap after GC invocations=13 (full 2):
 PSYoungGen      total 127488K, used 0K [0x00000000eab00000, 0x00000000f3e00000, 0x0000000100000000)
  eden space 112640K, 0% used [0x00000000eab00000,0x00000000eab00000,0x00000000f1900000)
  from space 14848K, 0% used [0x00000000f1900000,0x00000000f1900000,0x00000000f2780000)
  to   space 9728K, 0% used [0x00000000f2780000,0x00000000f2780000,0x00000000f3100000)
 ParOldGen       total 73216K, used 25985K [0x00000000c0000000, 0x00000000c4780000, 0x00000000eab00000)
  object space 73216K, 35% used [0x00000000c0000000,0x00000000c1960540,0x00000000c4780000)
 Metaspace       used 34271K, capacity 35472K, committed 35496K, reserved 1079296K
  class space    used 4608K, capacity 5113K, committed 5120K, reserved 1048576K
}

