# JRE version: Java(TM) SE Runtime Environment (8.0_31-b13) (build 1.8.0_31-b13)
# Java VM: Java HotSpot(TM) 64-Bit Server VM (25.31-b07 mixed mode windows-amd64 compressed oops)
Heap:
 PSYoungGen      total 135680K, used 79759K [0x00000000eab00000, 0x00000000f5300000, 0x0000000100000000)
  eden space 117248K, 59% used [0x00000000eab00000,0x00000000eeebae18,0x00000000f1d80000)
  from space 18432K, 56% used [0x00000000f2f80000,0x00000000f39a8e80,0x00000000f4180000)
  to   space 18432K, 0% used [0x00000000f1d80000,0x00000000f1d80000,0x00000000f2f80000)
 ParOldGen       total 78336K, used 35588K [0x00000000c0000000, 0x00000000c4c80000, 0x00000000eab00000)
  object space 78336K, 45% used [0x00000000c0000000,0x00000000c22c1330,0x00000000c4c80000)
 Metaspace       used 44413K, capacity 46631K, committed 46720K, reserved 1089536K
  class space    used 6103K, capacity 6978K, committed 7040K, reserved 1048576K
GC Heap History (10 events):
Event: 13.530 GC heap before
{Heap before GC invocations=13 (full 2):
 PSYoungGen      total 112640K, used 13812K [0x00000000eab00000, 0x00000000f4400000, 0x0000000100000000)
  eden space 98816K, 0% used [0x00000000eab00000,0x00000000eab00000,0x00000000f0b80000)
  from space 13824K, 99% used [0x00000000f0b80000,0x00000000f18fd020,0x00000000f1900000)
  to   space 16896K, 0% used [0x00000000f3380000,0x00000000f3380000,0x00000000f4400000)
 ParOldGen       total 41984K, used 22334K [0x00000000c0000000, 0x00000000c2900000, 0x00000000eab00000)
  object space 41984K, 53% used [0x00000000c0000000,0x00000000c15cfae0,0x00000000c2900000)
 Metaspace       used 34297K, capacity 35484K, committed 35496K, reserved 1079296K
  class space    used 4616K, capacity 5116K, committed 5120K, reserved 1048576K
Event: 13.976 GC heap after
Heap after GC invocations=13 (full 2):
 PSYoungGen      total 112640K, used 0K [0x00000000eab00000, 0x00000000f4400000, 0x0000000100000000)
  eden space 98816K, 0% used [0x00000000eab00000,0x00000000eab00000,0x00000000f0b80000)
  from space 13824K, 0% used [0x00000000f0b80000,0x00000000f0b80000,0x00000000f1900000)
  to   space 16896K, 0% used [0x00000000f3380000,0x00000000f3380000,0x00000000f4400000)
 ParOldGen       total 78336K, used 26768K [0x00000000c0000000, 0x00000000c4c80000, 0x00000000eab00000)
  object space 78336K, 34% used [0x00000000c0000000,0x00000000c1a243a8,0x00000000c4c80000)
 Metaspace       used 34297K, capacity 35484K, committed 35496K, reserved 1079296K
  class space    used 4616K, capacity 5116K, committed 5120K, reserved 1048576K
}
Event: 16.267 GC heap before
{Heap before GC invocations=14 (full 2):
 PSYoungGen      total 112640K, used 98816K [0x00000000eab00000, 0x00000000f4400000, 0x0000000100000000)
  eden space 98816K, 100% used [0x00000000eab00000,0x00000000f0b80000,0x00000000f0b80000)
  from space 13824K, 0% used [0x00000000f0b80000,0x00000000f0b80000,0x00000000f1900000)
  to   space 16896K, 0% used [0x00000000f3380000,0x00000000f3380000,0x00000000f4400000)
 ParOldGen       total 78336K, used 26768K [0x00000000c0000000, 0x00000000c4c80000, 0x00000000eab00000)
  object space 78336K, 34% used [0x00000000c0000000,0x00000000c1a243a8,0x00000000c4c80000)
 Metaspace       used 37775K, capacity 39271K, committed 39424K, reserved 1083392K
  class space    used 5205K, capacity 5785K, committed 5888K, reserved 1048576K
Event: 16.302 GC heap after
Heap after GC invocations=14 (full 2):
 PSYoungGen      total 130560K, used 12034K [0x00000000eab00000, 0x00000000f4080000, 0x0000000100000000)
  eden space 117248K, 0% used [0x00000000eab00000,0x00000000eab00000,0x00000000f1d80000)
  from space 13312K, 90% used [0x00000000f3380000,0x00000000f3f40ae0,0x00000000f4080000)
  to   space 17920K, 0% used [0x00000000f1d80000,0x00000000f1d80000,0x00000000f2f00000)
 ParOldGen       total 78336K, used 26776K [0x00000000c0000000, 0x00000000c4c80000, 0x00000000eab00000)
  object space 78336K, 34% used [0x00000000c0000000,0x00000000c1a263a8,0x00000000c4c80000)
 Metaspace       used 37775K, capacity 39271K, committed 39424K, reserved 1083392K
  class space    used 5205K, capacity 5785K, committed 5888K, reserved 1048576K
}
Event: 18.197 GC heap before
{Heap before GC invocations=15 (full 2):
 PSYoungGen      total 130560K, used 49110K [0x00000000eab00000, 0x00000000f4080000, 0x0000000100000000)
  eden space 117248K, 31% used [0x00000000eab00000,0x00000000ecf350b0,0x00000000f1d80000)
  from space 13312K, 90% used [0x00000000f3380000,0x00000000f3f40ae0,0x00000000f4080000)
  to   space 17920K, 0% used [0x00000000f1d80000,0x00000000f1d80000,0x00000000f2f00000)
 ParOldGen       total 78336K, used 26776K [0x00000000c0000000, 0x00000000c4c80000, 0x00000000eab00000)
  object space 78336K, 34% used [0x00000000c0000000,0x00000000c1a263a8,0x00000000c4c80000)
 Metaspace       used 39335K, capacity 40921K, committed 41216K, reserved 1085440K
  class space    used 5429K, capacity 6035K, committed 6144K, reserved 1048576K
Event: 18.235 GC heap after
Heap after GC invocations=15 (full 2):
 PSYoungGen      total 135168K, used 12177K [0x00000000eab00000, 0x00000000f4180000, 0x0000000100000000)
  eden space 117248K, 0% used [0x00000000eab00000,0x00000000eab00000,0x00000000f1d80000)
  from space 17920K, 67% used [0x00000000f1d80000,0x00000000f29645f8,0x00000000f2f00000)
  to   space 18432K, 0% used [0x00000000f2f80000,0x00000000f2f80000,0x00000000f4180000)
 ParOldGen       total 78336K, used 26784K [0x00000000c0000000, 0x00000000c4c80000, 0x00000000eab00000)
  object space 78336K, 34% used [0x00000000c0000000,0x00000000c1a283a8,0x00000000c4c80000)
 Metaspace       used 39335K, capacity 40921K, committed 41216K, reserved 1085440K
  class space    used 5429K, capacity 6035K, committed 6144K, reserved 1048576K
}
Event: 18.235 GC heap before
{Heap before GC invocations=16 (full 3):
 PSYoungGen      total 135168K, used 12177K [0x00000000eab00000, 0x00000000f4180000, 0x0000000100000000)
  eden space 117248K, 0% used [0x00000000eab00000,0x00000000eab00000,0x00000000f1d80000)
  from space 17920K, 67% used [0x00000000f1d80000,0x00000000f29645f8,0x00000000f2f00000)
  to   space 18432K, 0% used [0x00000000f2f80000,0x00000000f2f80000,0x00000000f4180000)
 ParOldGen       total 78336K, used 26784K [0x00000000c0000000, 0x00000000c4c80000, 0x00000000eab00000)
  object space 78336K, 34% used [0x00000000c0000000,0x00000000c1a283a8,0x00000000c4c80000)
 Metaspace       used 39335K, capacity 40921K, committed 41216K, reserved 1085440K
  class space    used 5429K, capacity 6035K, committed 6144K, reserved 1048576K
Event: 18.867 GC heap after
Heap after GC invocations=16 (full 3):
 PSYoungGen      total 135168K, used 0K [0x00000000eab00000, 0x00000000f4180000, 0x0000000100000000)
  eden space 117248K, 0% used [0x00000000eab00000,0x00000000eab00000,0x00000000f1d80000)
  from space 17920K, 0% used [0x00000000f1d80000,0x00000000f1d80000,0x00000000f2f00000)
  to   space 18432K, 0% used [0x00000000f2f80000,0x00000000f2f80000,0x00000000f4180000)
 ParOldGen       total 78336K, used 35580K [0x00000000c0000000, 0x00000000c4c80000, 0x00000000eab00000)
  object space 78336K, 45% used [0x00000000c0000000,0x00000000c22bf330,0x00000000c4c80000)
 Metaspace       used 39302K, capacity 40807K, committed 41216K, reserved 1085440K
  class space    used 5421K, capacity 6001K, committed 6144K, reserved 1048576K
}
Event: 1653.915 GC heap before
{Heap before GC invocations=17 (full 3):
 PSYoungGen      total 135168K, used 117248K [0x00000000eab00000, 0x00000000f4180000, 0x0000000100000000)
  eden space 117248K, 100% used [0x00000000eab00000,0x00000000f1d80000,0x00000000f1d80000)
  from space 17920K, 0% used [0x00000000f1d80000,0x00000000f1d80000,0x00000000f2f00000)
  to   space 18432K, 0% used [0x00000000f2f80000,0x00000000f2f80000,0x00000000f4180000)
 ParOldGen       total 78336K, used 35580K [0x00000000c0000000, 0x00000000c4c80000, 0x00000000eab00000)
  object space 78336K, 45% used [0x00000000c0000000,0x00000000c22bf330,0x00000000c4c80000)
 Metaspace       used 42551K, capacity 44517K, committed 44800K, reserved 1087488K
  class space    used 5790K, capacity 6602K, committed 6656K, reserved 1048576K
Event: 1653.977 GC heap after
Heap after GC invocations=17 (full 3):
 PSYoungGen      total 135680K, used 10403K [0x00000000eab00000, 0x00000000f5300000, 0x0000000100000000)
  eden space 117248K, 0% used [0x00000000eab00000,0x00000000eab00000,0x00000000f1d80000)
  from space 18432K, 56% used [0x00000000f2f80000,0x00000000f39a8e80,0x00000000f4180000)
  to   space 18432K, 0% used [0x00000000f1d80000,0x00000000f1d80000,0x00000000f2f80000)
 ParOldGen       total 78336K, used 35588K [0x00000000c0000000, 0x00000000c4c80000, 0x00000000eab00000)
  object space 78336K, 45% used [0x00000000c0000000,0x00000000c22c1330,0x00000000c4c80000)
 Metaspace       used 42551K, capacity 44517K, committed 44800K, reserved 1087488K
  class space    used 5790K, capacity 6602K, committed 6656K, reserved 1048576K
}

